<?xml version="1.0" encoding="UTF-8"?>
<!-- Generated by org.testng.reporters.JUnitReportReporter -->
<testsuite hostname="Sailaja-Chundru" failures="0" tests="1" name="EndtoEndFlow.LoginTest" time="3.875" errors="0" timestamp="2024-01-02T23:33:45 IST" skipped="0">
  <testcase classname="EndtoEndFlow.LoginTest" name="LoginValidation" time="3.875"/>
  <system-out/>
</testsuite> <!-- EndtoEndFlow.LoginTest -->
